0 info it worked if it ends with ok
1 verbose cli [ 'C:\\Program Files\\nodejs\\node.exe',
1 verbose cli   'C:\\Program Files\\nodejs\\node_modules\\npm\\bin\\npm-cli.js',
1 verbose cli   'start' ]
2 info using npm@3.10.10
3 info using node@v6.14.2
4 verbose run-script [ 'prestart', 'start', 'poststart' ]
5 info lifecycle nobo-test@0.1.0~prestart: nobo-test@0.1.0
6 silly lifecycle nobo-test@0.1.0~prestart: no script for prestart, continuing
7 info lifecycle nobo-test@0.1.0~start: nobo-test@0.1.0
8 verbose lifecycle nobo-test@0.1.0~start: unsafe-perm in lifecycle true
9 verbose lifecycle nobo-test@0.1.0~start: PATH: C:\Program Files\nodejs\node_modules\npm\bin\node-gyp-bin;C:\Users\tourk\OneDrive\Bureau\mohamed\Nouveau dossier\nobo-test\node_modules\.bin;C:\ProgramData\Oracle\Java\javapath;C:\oraclexe\app\oracle\product\10.2.0\server\bin;C:\Windows\system32;C:\Windows;C:\Windows\System32\Wbem;C:\Windows\System32\WindowsPowerShell\v1.0\;C:\Windows\System32\OpenSSH\;C:\wamp64\bin\php\php7.0.33;C:\Program Files (x86)\CodeBlocks\MinGW\bin;C:\Program Files (x86)\GnuWin32\bin;C:\Users\tourk\OneDrive\Bureau\programs\platform-tools;C:\Products\java\jdk1.8.0_60\bin;C:\Users\tourk\.dnx\bin;C:\Program Files\Microsoft DNX\Dnvm\;C:\Program Files\Microsoft SQL Server\120\Tools\Binn\;C:\Program Files\Microsoft SQL Server\130\Tools\Binn\;C:\Program Files\Microsoft SQL Server\Client SDK\ODBC\110\Tools\Binn\;C:\Program Files (x86)\Microsoft SQL Server\120\Tools\Binn\;C:\Program Files\Microsoft SQL Server\120\DTS\Binn\;C:\Program Files (x86)\Microsoft SQL Server\120\Tools\Binn\ManagementStudio\;C:\Program Files (x86)\Microsoft SQL Server\120\DTS\Binn\;C:\Program Files\nodejs\;C:\texlive\2019\bin\win32;C:\Users\tourk\AppData\Local\Microsoft\WindowsApps;C:\Users\tourk\AppData\Local\Programs\Microsoft VS Code\bin;C:\Users\tourk\AppData\Local\Programs\MiKTeX 2.9\miktex\bin\x64\;C:\Users\tourk\AppData\Roaming\npm
10 verbose lifecycle nobo-test@0.1.0~start: CWD: C:\Users\tourk\OneDrive\Bureau\mohamed\Nouveau dossier\nobo-test
11 silly lifecycle nobo-test@0.1.0~start: Args: [ '/d /s /c', 'react-scripts start' ]
12 silly lifecycle nobo-test@0.1.0~start: Returned: code: 1  signal: null
13 info lifecycle nobo-test@0.1.0~start: Failed to exec start script
14 verbose stack Error: nobo-test@0.1.0 start: `react-scripts start`
14 verbose stack Exit status 1
14 verbose stack     at EventEmitter.<anonymous> (C:\Program Files\nodejs\node_modules\npm\lib\utils\lifecycle.js:255:16)
14 verbose stack     at emitTwo (events.js:106:13)
14 verbose stack     at EventEmitter.emit (events.js:191:7)
14 verbose stack     at ChildProcess.<anonymous> (C:\Program Files\nodejs\node_modules\npm\lib\utils\spawn.js:40:14)
14 verbose stack     at emitTwo (events.js:106:13)
14 verbose stack     at ChildProcess.emit (events.js:191:7)
14 verbose stack     at maybeClose (internal/child_process.js:920:16)
14 verbose stack     at Process.ChildProcess._handle.onexit (internal/child_process.js:230:5)
15 verbose pkgid nobo-test@0.1.0
16 verbose cwd C:\Users\tourk\OneDrive\Bureau\mohamed\Nouveau dossier\nobo-test
17 error Windows_NT 10.0.17763
18 error argv "C:\\Program Files\\nodejs\\node.exe" "C:\\Program Files\\nodejs\\node_modules\\npm\\bin\\npm-cli.js" "start"
19 error node v6.14.2
20 error npm  v3.10.10
21 error code ELIFECYCLE
22 error nobo-test@0.1.0 start: `react-scripts start`
22 error Exit status 1
23 error Failed at the nobo-test@0.1.0 start script 'react-scripts start'.
23 error Make sure you have the latest version of node.js and npm installed.
23 error If you do, this is most likely a problem with the nobo-test package,
23 error not with npm itself.
23 error Tell the author that this fails on your system:
23 error     react-scripts start
23 error You can get information on how to open an issue for this project with:
23 error     npm bugs nobo-test
23 error Or if that isn't available, you can get their info via:
23 error     npm owner ls nobo-test
23 error There is likely additional logging output above.
24 verbose exit [ 1, true ]
